2025-09-10 21:20:25,728 - INFO - Random seed initialized: 42 (fixed for consistency)
2025-09-10 21:20:25,728 - INFO - MSTS Asset Resolver v2.3.0 - STRICT ATTRIBUTE LOCKING
2025-09-10 21:20:25,729 - INFO - ================================================================================
2025-09-10 21:20:25,729 - INFO - NEW v2.3.0 STRICT ATTRIBUTE LOCKING:
2025-09-10 21:20:25,729 - INFO - - DERIVE AND LOCK: Extract Family, Subtype, Class, Build from consist entry
2025-09-10 21:20:25,729 - INFO - - STRICT FILTERING: Only consider trainset assets with EXACT matches for all four attributes
2025-09-10 21:20:25,729 - INFO - - NAME-FIRST: Exact name match within locked attributes (highest priority)
2025-09-10 21:20:25,729 - INFO - - TOKEN MATCHING: Apply name/token ranking within locked attributes
2025-09-10 21:20:25,729 - INFO - - DEFAULT STRICT: Require at least Subtype match for defaults
2025-09-10 21:20:25,730 - INFO - - UNRESOLVED: If no attributes detected or no matches found, mark as UNRESOLVED
2025-09-10 21:20:25,730 - INFO - PREVIOUS v2.2.5 ENHANCEMENTS:
2025-09-10 21:20:25,730 - INFO - - ENHANCED: Comprehensive freight detection based on 533 real wagon files analysis
2025-09-10 21:20:25,730 - INFO - - NEW: Support for BSAM series (168 wagons), CON_ containers (42 wagons), ASMI series (37 wagons)
2025-09-10 21:20:25,730 - INFO - - NEW: Enhanced freight types: CEMENT, COIL, COAL, MILKTANKER, BCCN, BRNA, BRW, BCA, BCB, BTI
2025-09-10 21:20:25,730 - INFO - Found 1 consist files to process
2025-09-10 21:20:25,732 - INFO - Parsed 1 consists with 24 asset references
2025-09-10 21:20:25,733 - INFO - Building asset index from E:\Game\ROUTES\Microsoft Games\Train Simulator\TRAINS\TRAINSET
2025-09-10 21:20:25,750 - INFO - Scanning folder 1/1543: 02833 RJT-SRC AC SF EXP
2025-09-10 21:20:25,850 - INFO - Scanning folder 51/1543: AERO_DMU
2025-09-10 21:20:25,934 - INFO - Scanning folder 101/1543: APS_TATA_STEEL_30614
2025-09-10 21:20:26,207 - INFO - Scanning folder 151/1543: BGP - BLCA-B Wagons
2025-09-10 21:20:26,347 - INFO - Scanning folder 201/1543: BHOPAL_IT_BSL PASSANGER
2025-09-10 21:20:26,391 - INFO - Scanning folder 251/1543: brc_wap7_30607
2025-09-10 21:20:26,444 - INFO - Scanning folder 301/1543: Central Railways Garibrath Exp
2025-09-10 21:20:26,529 - INFO - Scanning folder 351/1543: DCBNA3
2025-09-10 21:20:26,604 - INFO - Scanning folder 401/1543: D_Samms709
2025-09-10 21:20:26,723 - INFO - Scanning folder 451/1543: g15_gueter
2025-09-10 21:20:26,798 - INFO - Scanning folder 501/1543: GP38
2025-09-10 21:20:26,901 - INFO - Scanning folder 551/1543: HR_MILITARY_COACHES
2025-09-10 21:20:27,054 - INFO - Scanning folder 601/1543: indiangaribrath
2025-09-10 21:20:27,137 - INFO - Scanning folder 651/1543: JAIPUR MUMBAI SF
2025-09-10 21:20:27,267 - INFO - Scanning folder 701/1543: KANPUR WAP4 22330
2025-09-10 21:20:27,354 - INFO - Scanning folder 751/1543: KURJ-UDZ EXPRESS
2025-09-10 21:20:27,501 - INFO - Scanning folder 801/1543: LHB SEATING
2025-09-10 21:20:27,635 - INFO - Scanning folder 851/1543: LTT VARANASI SUMMER SP
2025-09-10 21:20:27,747 - INFO - Scanning folder 901/1543: MLW ELECTRIC LOCOS
2025-09-10 21:20:27,886 - INFO - Scanning folder 951/1543: MSA_WDMS
2025-09-10 21:20:28,062 - INFO - Scanning folder 1001/1543: NILKANTH WDG4 UBL
2025-09-10 21:20:28,165 - INFO - Scanning folder 1051/1543: PrashantK_HWH_PUNE_DURONTO EXP
2025-09-10 21:20:28,239 - INFO - Scanning folder 1101/1543: Ratlam WDM3a
2025-09-10 21:20:28,327 - INFO - Scanning folder 1151/1543: SBI YDM4
2025-09-10 21:20:28,410 - INFO - Scanning folder 1201/1543: SLW
2025-09-10 21:20:28,474 - INFO - Scanning folder 1251/1543: Teesta Torsa Express Coaches
2025-09-10 21:20:28,646 - INFO - Scanning folder 1301/1543: TRI WAP4 SRC
2025-09-10 21:20:28,722 - INFO - Scanning folder 1351/1543: VADODARA SF
2025-09-10 21:20:28,909 - INFO - Scanning folder 1401/1543: VTA WDM3A 18669
2025-09-10 21:20:29,035 - INFO - Scanning folder 1451/1543: WAP530045
2025-09-10 21:20:29,074 - INFO - Scanning folder 1501/1543: WDM3BJHS
2025-09-10 21:20:29,145 - INFO - Asset index built: 12124 assets in 1543 folders
2025-09-10 21:20:29,145 - INFO - Index statistics: {'total_assets': 12124, 'engines': 4202, 'wagons': 7922, 'folders': 1501, 'engine_classes': 34, 'coach_types': 13, 'freight_types': 55, 'ir_composites': 377, 'lhb_assets': 1205, 'icf_assets': 397, 'emu_assets': 224}
2025-09-10 21:20:29,146 - INFO - Starting STRICT ATTRIBUTE LOCKING resolution process with optimized parallel processing...
2025-09-10 21:20:29,146 - INFO - Using ProcessPoolExecutor with 16 workers (CPU cores: 16)
2025-09-10 21:20:44,726 - INFO - Asset resolution completed. Processed 24 entries.
2025-09-10 21:20:44,726 - INFO - Writing changes to consist files...
2025-09-10 21:20:44,726 - INFO - CHANGE: 0 17229 Sabari Express.con line 12: BGPro_WAP7_n/LGD_30611 -> WAP7/WAP7_LGD_30307
2025-09-10 21:20:44,726 - INFO - CHANGE: 0 17229 Sabari Express.con line 15: WAP7/AI-HORN -> _DEFAULTS/DEFAULT_AI_Horn
2025-09-10 21:20:44,726 - INFO - CHANGE: 0 17229 Sabari Express.con line 19: BGPro - LHB AC Rajdhani Coaches/SCR_EXPRESS_EOG_2 -> BGPro - LHB AC Rajdhani Coaches/LHB_EOG_Raj
2025-09-10 21:20:44,726 - INFO - CHANGE: 0 17229 Sabari Express.con line 24: BGPro - LHB Non AC Coaches/SCR_EXPRESS_GS_WW_2 -> BGPro - LHB Non AC Coaches/LHB_GS_WW_DeenDayalu
2025-09-10 21:20:44,727 - INFO - CHANGE: 0 17229 Sabari Express.con line 28: BGPro - LHB Non AC Coaches/SCR_EXPRESS_GS_WW_2 -> BGPro - LHB Non AC Coaches/LHB_GS_WW_Antyodya
2025-09-10 21:20:44,727 - INFO - CHANGE: 0 17229 Sabari Express.con line 32: BGPro - LHB AC Rajdhani Coaches/SCR_EXPRESS_1A_1 -> BGPro - LHB AC Rajdhani Coaches/Howrah_Raj_LHB_1A
2025-09-10 21:20:44,727 - INFO - CHANGE: 0 17229 Sabari Express.con line 36: BGPro - LHB AC Rajdhani Coaches/SCR_EXPRESS_2A_1 -> BGPro - LHB AC Rajdhani Coaches/LHB_2A_Raj_Trainname
2025-09-10 21:20:44,727 - INFO - CHANGE: 0 17229 Sabari Express.con line 40: BGPro - LHB AC Rajdhani Coaches/SCR_EXPRESS_2A_1 -> BGPro - LHB AC Rajdhani Coaches/Howrah_Raj_LHB_2A
2025-09-10 21:20:44,727 - INFO - CHANGE: 0 17229 Sabari Express.con line 44: BGPro - LHB AC Rajdhani Coaches/SCR_EXPRESS_3A_1 -> BGPro - LHB AC Rajdhani Coaches/LHB_3A_Paintless
2025-09-10 21:20:44,727 - INFO - CHANGE: 0 17229 Sabari Express.con line 48: BGPro - LHB AC Rajdhani Coaches/SCR_EXPRESS_3A_1 -> BGPro - LHB AC Rajdhani Coaches/LHB_3A_Bezelles
2025-09-10 21:20:44,727 - INFO - CHANGE: 0 17229 Sabari Express.con line 52: BGPro - LHB AC Rajdhani Coaches/SCR_EXPRESS_3A_1 -> BGPro - LHB AC Rajdhani Coaches/LHB_3A_Paintless
2025-09-10 21:20:44,727 - INFO - CHANGE: 0 17229 Sabari Express.con line 56: BGPro - LHB AC Rajdhani Coaches/SCR_EXPRESS_3A_1 -> BGPro - LHB AC Rajdhani Coaches/LHB_3A_Paintless
2025-09-10 21:20:44,727 - INFO - CHANGE: 0 17229 Sabari Express.con line 60: BGPro - LHB Non AC Coaches/SCR_EXPRESS_SLP_WW_1 -> BGPro - LHB Non AC Coaches/LHB_NonAC_SLP
2025-09-10 21:20:44,727 - INFO - CHANGE: 0 17229 Sabari Express.con line 64: BGPro - LHB AC Rajdhani Coaches/SCR_EXPRESS_PC_2 -> LHB NEW/LHB_PC
2025-09-10 21:20:44,727 - INFO - CHANGE: 0 17229 Sabari Express.con line 68: BGPro - LHB Non AC Coaches/SCR_EXPRESS_SLP_WW_1 -> BGPro - LHB Non AC Coaches/LHB_NonAC_SLP
2025-09-10 21:20:44,727 - INFO - CHANGE: 0 17229 Sabari Express.con line 72: BGPro - LHB Non AC Coaches/SCR_EXPRESS_SLP_WW_1 -> BGPro - LHB Non AC Coaches/LHB_NonAC_SLP
2025-09-10 21:20:44,728 - INFO - CHANGE: 0 17229 Sabari Express.con line 76: BGPro - LHB Non AC Coaches/SCR_EXPRESS_SLP_WW_1 -> BGPro - LHB Non AC Coaches/LHB_NonAC_SLP
2025-09-10 21:20:44,728 - INFO - CHANGE: 0 17229 Sabari Express.con line 80: BGPro - LHB Non AC Coaches/SCR_EXPRESS_SLP_WW_1 -> BGPro - LHB Non AC Coaches/LHB_NonAC_SLP
2025-09-10 21:20:44,728 - INFO - CHANGE: 0 17229 Sabari Express.con line 84: BGPro - LHB Non AC Coaches/SCR_EXPRESS_SLP_WW_1 -> BGPro - LHB Non AC Coaches/LHB_NonAC_SLP
2025-09-10 21:20:44,728 - INFO - CHANGE: 0 17229 Sabari Express.con line 88: BGPro - LHB Non AC Coaches/SCR_EXPRESS_SLP_WW_1 -> BGPro - LHB Non AC Coaches/LHB_NonAC_SLP
2025-09-10 21:20:44,728 - INFO - CHANGE: 0 17229 Sabari Express.con line 92: BGPro - LHB Non AC Coaches/SCR_EXPRESS_SLP_WW_1 -> BGPro - LHB Non AC Coaches/LHB_NonAC_SLP
2025-09-10 21:20:44,766 - INFO - CHANGE: 0 17229 Sabari Express.con line 96: BGPro - LHB Non AC Coaches/SCR_EXPRESS_GS_WW_2 -> BGPro - LHB Non AC Coaches/LHB_GS_WW_DeenDayalu
2025-09-10 21:20:44,766 - INFO - CHANGE: 0 17229 Sabari Express.con line 100: BGPro - LHB Non AC Coaches/SCR_EXPRESS_GS_WW_2 -> BGPro - LHB Non AC Coaches/LHB_GS_WW_DeenDayalu
2025-09-10 21:20:44,767 - INFO - Updated consist file: C:\Users\rahul\AppData\Local\Temp\msts_resolve_nt6deziy\0 17229 Sabari Express.con (23 changes)
2025-09-10 21:20:44,767 - INFO - File writing completed. Modified 1 consist files.
2025-09-10 21:20:44,768 - INFO - SUMMARY: 
2025-09-10 21:20:44,768 - INFO - SUMMARY: ================================================================================
2025-09-10 21:20:44,768 - INFO - SUMMARY: MSTS ASSET RESOLVER - STRICT ATTRIBUTE LOCKING v2.3.0 - FINAL SUMMARY
2025-09-10 21:20:44,768 - INFO - SUMMARY: ================================================================================
2025-09-10 21:20:44,768 - INFO - SUMMARY: Files Processed: 24 asset references
2025-09-10 21:20:44,768 - INFO - SUMMARY: Assets Indexed: 12124 trainset assets
2025-09-10 21:20:44,768 - INFO - SUMMARY: Processing Time: 19.0 seconds
2025-09-10 21:20:44,768 - INFO - SUMMARY: 
2025-09-10 21:20:44,768 - INFO - SUMMARY: RESOLVED: 24 (100.0%)
2025-09-10 21:20:44,768 - INFO - SUMMARY: CHANGED: 23 (95.8%)
2025-09-10 21:20:44,768 - INFO - SUMMARY: ALREADY MATCHING: 1 (4.2%)
2025-09-10 21:20:44,768 - INFO - SUMMARY: UNRESOLVED: 0 (0.0%)
2025-09-10 21:20:44,768 - INFO - SUMMARY: 
2025-09-10 21:20:44,768 - INFO - SUMMARY: Resolution Method Breakdown:
2025-09-10 21:20:44,769 - INFO - SUMMARY:   • KEY_TOKEN_ALL: 22 (91.7%)
2025-09-10 21:20:44,769 - INFO - SUMMARY:   • EXACT_NAME: 2 (8.3%)
2025-09-10 21:20:44,769 - INFO - SUMMARY: 
2025-09-10 21:20:44,769 - INFO - SUMMARY: Recommendations:
2025-09-10 21:20:44,769 - INFO - SUMMARY:   • Excellent! 100.0% resolution rate achieved with strict matching
2025-09-10 21:20:44,769 - INFO - SUMMARY: STRICT ATTRIBUTE LOCKING FEATURES:
2025-09-10 21:20:44,769 - INFO - SUMMARY:   • Family, Subtype, Class, Build derived and locked from consist entries
2025-09-10 21:20:44,769 - INFO - SUMMARY:   • Only trainset assets with EXACT attribute matches considered
2025-09-10 21:20:44,769 - INFO - SUMMARY:   • Default fallback requires at least Subtype match
2025-09-10 21:20:44,769 - INFO - SUMMARY:   • Entries with no detectable attributes marked UNRESOLVED
2025-09-10 21:20:44,769 - INFO - SUMMARY: ================================================================================
